<?xml version="1.0" encoding="UTF-8" ?>
<testsuite tests="12" failures="0" name="runner.TestRunner" time="0.013" errors="0" skipped="0">
  <properties>
[...]
</properties>
  <testcase classname="Scenario: Add/delete product on cart and purchase using UI automation" name="Given User is on DemoBlaze Page" time="0.003"/>
  <testcase classname="Scenario: Add/delete product on cart and purchase using UI automation" name="And Navigates through product categories" time="0"/>
  <testcase classname="Scenario: Add/delete product on cart and purchase using UI automation" name="When Laptop is added into cart" time="0"/>
  <testcase classname="Scenario: Add/delete product on cart and purchase using UI automation" name="Then User deletes one of the laptop" time="0"/>
  <testcase classname="Scenario: Add/delete product on cart and purchase using UI automation" name="And User clicks on place order after filling form" time="0"/>
  <testcase classname="Scenario: Add/delete product on cart and purchase using UI automation" name="And User purchases the item and validates it" time="0.004"/>
  <testcase classname="Scenario: Add/delete product on cart and purchase using UI automation" name="Scenario: Add/delete product on cart and purchase using UI automation" time="0.004"/>
  <testcase classname="Scenario: Add/Update/Delete pet records using API automation" name="Given available pets are present" time="0"/>
  <testcase classname="Scenario: Add/Update/Delete pet records using API automation" name="And pets can be added" time="0"/>
  <testcase classname="Scenario: Add/Update/Delete pet records using API automation" name="And pets status can be changed to sold" time="0"/>
  <testcase classname="Scenario: Add/Update/Delete pet records using API automation" name="And pets can be deleted" time="0.001"/>
  <testcase classname="Scenario: Add/Update/Delete pet records using API automation" name="Scenario: Add/Update/Delete pet records using API automation" time="0.001"/>
</testsuite>